list index out of range:http://www.meishij.net/meirong/naiyoupaocainiangao.html
list index out of range:http://www.meishij.net/zuofa/hanguonendoufutang.html
list index out of range:http://www.meishij.net/zuofa/xinjiangdapanji_9.html
list index out of range:http://www.meishij.net/china-food/xiaochi/hubei/14730.html
list index out of range:http://www.meishij.net/zuofa/mihoutaoban.html
list index out of range:http://www.meishij.net/zuofa/tangbushuai_8.html
list index out of range:http://www.meishij.net/zuofa/shuashuayuebing.html
list index out of range:http://www.meishij.net/zuofa/tangyoubaba_2.html
list index out of range:http://www.meishij.net/zuofa/dandanmian_16.html
list index out of range:http://www.meishij.net/zuofa/doushazi_6.html
list index out of range:http://www.meishij.net/zuofa/huluoboshala_1.html
list index out of range:http://www.meishij.net/zuofa/danbaofan_13.html
list index out of range:http://www.meishij.net/zuofa/dazhugansi_8.html
list index out of range:http://www.meishij.net/zuofa/huluobopinguozhi_5.html
list index out of range:http://www.meishij.net/zuofa/xihulujidanbing_2.html
list index out of range:http://www.meishij.net/zuofa/shuangliaomenfan.html
list index out of range:http://www.meishij.net/zuofa/sanyuanzhengjiao.html
list index out of range:http://www.meishij.net/zuofa/nanguafagao_8.html
list index out of range:http://www.meishij.net/zuofa/xiajiangdoufu_6.html
list index out of range:http://www.meishij.net/zuofa/xibing_2.html
list index out of range:http://www.meishij.net/zuofa/caomeijiuniangzhengdan.html
list index out of range:http://www.meishij.net/zuofa/youpomian_6.html
list index out of range:http://www.meishij.net/zuofa/meiguihuayumimianmantou.html
list index out of range:http://www.meishij.net/zuofa/laobeijingshaoyangpai.html
list index out of range:http://www.meishij.net/zuofa/caomeidafu_9.html
list index out of range:http://www.meishij.net/zuofa/matuoer.html
list index out of range:http://www.meishij.net/zuofa/jidanguanbing_17.html
list index out of range:http://www.meishij.net/zuofa/nangbaodapanji.html
list index out of range:http://www.meishij.net/zuofa/sunangkaorou.html
list index out of range:http://www.meishij.net/zuofa/yumimianmantou_11.html
list index out of range:http://www.meishij.net/zuofa/jiaodongdabaozi.html
list index out of range:http://www.meishij.net/zuofa/minihuluobowowotou.html
list index out of range:http://www.meishij.net/zuofa/zaohuajuan_2.html
list index out of range:http://www.meishij.net/zuofa/niuroutudoumenfan.html
list index out of range:http://www.meishij.net/zuofa/malaban_1.html
list index out of range:http://www.meishij.net/zuofa/sichuanliangmian_8.html
list index out of range:http://www.meishij.net/zuofa/mangguoban_8.html
list index out of range:http://www.meishij.net/zuofa/qingchenmeiyu.html
list index out of range:http://www.meishij.net/zuofa/mianfan.html
list index out of range:http://www.meishij.net/china-food/xiaochi/taiwan/15890.html
list index out of range:http://www.meishij.net/zuofa/heidouzhawowotou_1.html
list index out of range:http://www.meishij.net/zuofa/nanguabao_2.html
list index out of range:http://www.meishij.net/zuofa/zidachangmianxianhu.html
list index out of range:http://www.meishij.net/zuofa/caijiaojidinghongdoufan.html
list index out of range:http://www.meishij.net/zuofa/zhengzongxinjiangkaonang.html
list index out of range:http://www.meishij.net/zuofa/laziji_21.html
list index out of range:http://www.meishij.net/zuofa/meishicaomeibaobing.html
list index out of range:http://www.meishij.net/zuofa/zhimahongtangsanjiaobao.html
list index out of range:http://www.meishij.net/zuofa/putaojinglianggao.html
list index out of range:http://www.meishij.net/zuofa/miniwufanshaomai_1.html
list index out of range:http://www.meishij.net/zuofa/pinyaoanangao.html
list index out of range:http://www.meishij.net/zuofa/boluofan_3.html
list index out of range:http://www.meishij.net/zuofa/doufudanhuangcuibao.html
list index out of range:http://www.meishij.net/zuofa/shijinboluofan_1.html
list index out of range:http://www.meishij.net/zuofa/caomeidafu_8.html
list index out of range:http://www.meishij.net/zuofa/guantangbao_2.html
list index out of range:http://www.meishij.net/zuofa/jidanguanbing_16.html
list index out of range:http://www.meishij.net/zuofa/jiangbanjiandaomian.html
list index out of range:http://www.meishij.net/zuofa/shachamian_1.html
list index out of range:http://www.meishij.net/zuofa/sifangroujia.html
list index out of range:http://www.meishij.net/zuofa/haicanzhengdan.html
list index out of range:http://www.meishij.net/zuofa/huangjinmantou_2.html
list index out of range:http://www.meishij.net/zuofa/nenniurouhuadanfan.html
list index out of range:http://www.meishij.net/zuofa/caomeinaixi_6.html
list index out of range:http://www.meishij.net/zuofa/dandanmian_14.html
list index out of range:http://www.meishij.net/zuofa/jiandanshousi_1.html
list index out of range:http://www.meishij.net/zuofa/qingmingtuanzi_2.html
list index out of range:http://www.meishij.net/zuofa/pinyaomizhichangshanyao.html
list index out of range:http://www.meishij.net/zuofa/lvse_2.html
list index out of range:http://www.meishij.net/zuofa/lvse_1.html
list index out of range:http://www.meishij.net/zuofa/shuijingxiarenzhengjiao.html
list index out of range:http://www.meishij.net/zuofa/shichaoniuhe_1.html
list index out of range:http://www.meishij.net/zuofa/xiajiaohuang_1.html
list index out of range:http://www.meishij.net/zuofa/zhanjiangwantuoze.html
list index out of range:http://www.meishij.net/zuofa/culiangjiucaihezi.html
list index out of range:http://www.meishij.net/zuofa/tianyuanboluochaofan.html
list index out of range:http://www.meishij.net/zuofa/wuxiangguokui.html
list index out of range:http://www.meishij.net/zuofa/caodaifan.html
list index out of range:http://www.meishij.net/zuofa/mianwo_3.html
list index out of range:http://www.meishij.net/zuofa/xianmeiyecaibao.html
list index out of range:http://www.meishij.net/zuofa/qingtuanzi_4.html
list index out of range:http://www.meishij.net/zuofa/jiuniangbing_2.html
list index out of range:http://www.meishij.net/zuofa/paiguniangao_7.html
list index out of range:http://www.meishij.net/zuofa/hongtangzaopianfagao.html
list index out of range:http://www.meishij.net/zuofa/gouqimibaba.html
list index out of range:http://www.meishij.net/zuofa/nanguanuomici_3.html
list index out of range:http://www.meishij.net/zuofa/boluoxiangjiaosuannai.html
list index out of range:http://www.meishij.net/zuofa/teseyangzatang.html
list index out of range:http://www.meishij.net/zuofa/changzichaobing.html
list index out of range:http://www.meishij.net/zuofa/fenglisu_11.html
list index out of range:http://www.meishij.net/zuofa/shangaopinguo.html
list index out of range:http://www.meishij.net/zuofa/xianxiabiyushengcaifanbao.html
list index out of range:http://www.meishij.net/zuofa/baobaofanqiezhi.html
list index out of range:http://www.meishij.net/zuofa/yundougao_3.html
list index out of range:http://www.meishij.net/zuofa/boluozimifan.html
list index out of range:http://www.meishij.net/zuofa/wandoujianjiandantang.html
list index out of range:http://www.meishij.net/zuofa/jiangdouzhuroubao_1.html
list index out of range:http://www.meishij.net/zuofa/piaoxiangyangpaifan.html
list index out of range:http://www.meishij.net/zuofa/huluoboxiansubaozi.html
list index out of range:http://www.meishij.net/zuofa/chaobulanzi_1.html
list index out of range:http://www.meishij.net/zuofa/yangroufentiaoxianbaozi.html
list index out of range:http://www.meishij.net/zuofa/xiaozhudoushabao_5.html
list index out of range:http://www.meishij.net/zuofa/mangguosuannaixi.html
list index out of range:http://www.meishij.net/zuofa/wusechaofan_1.html
list index out of range:http://www.meishij.net/zuofa/taishiluroufan_7.html
list index out of range:http://www.meishij.net/zuofa/mininuomixiaoshaomai.html
list index out of range:http://www.meishij.net/zuofa/heiyumijiangmantou.html
list index out of range:http://www.meishij.net/zuofa/dazaohuamantou.html
list index out of range:http://www.meishij.net/zuofa/hongdouniangao_4.html
list index out of range:http://www.meishij.net/zuofa/taishiluroufan_6.html
list index out of range:http://www.meishij.net/zuofa/mangguoheimilao.html
list index out of range:http://www.meishij.net/zuofa/yerongnuomici_2.html
list index out of range:http://www.meishij.net/zuofa/bangbangtangdangao.html
list index out of range:http://www.meishij.net/zuofa/xiangjiaoniunaijidangeng.html
list index out of range:http://www.meishij.net/zuofa/jidanzi_4.html
list index out of range:http://www.meishij.net/zuofa/chaozaliangluosimianyu.html
list index out of range:http://www.meishij.net/zuofa/hongdouniangao_4.html
list index out of range:http://www.meishij.net/zuofa/taishiluroufan_6.html
list index out of range:http://www.meishij.net/zuofa/mangguoheimilao.html
list index out of range:http://www.meishij.net/zuofa/yerongnuomici_2.html
list index out of range:http://www.meishij.net/zuofa/bangbangtangdangao.html
list index out of range:http://www.meishij.net/zuofa/xiangjiaoniunaijidangeng.html
list index out of range:http://www.meishij.net/zuofa/jidanzi_4.html
list index out of range:http://www.meishij.net/zuofa/chaozaliangluosimianyu.html
list index out of range:http://www.meishij.net/zuofa/jiucaihezi_27.html
list index out of range:http://www.meishij.net/zuofa/zaliangxiaomantou_1.html
list index out of range:http://www.meishij.net/zuofa/huang_15.html
list index out of range:http://www.meishij.net/zuofa/huangjinchaomimian.html
list index out of range:http://www.meishij.net/zuofa/cuichaofan_1.html
list index out of range:http://www.meishij.net/zuofa/douzhamidouxiaowotou.html
list index out of range:http://www.meishij.net/zuofa/kujuzhengdoumo.html
list index out of range:http://www.meishij.net/zuofa/guangshijiandui.html
list index out of range:http://www.meishij.net/zuofa/huluobomenfan.html
list index out of range:http://www.meishij.net/zuofa/tangyoubaba_1.html
list index out of range:http://www.meishij.net/zuofa/chuanweilaziji_4.html
list index out of range:http://www.meishij.net/zuofa/koushuiji_51.html
list index out of range:http://www.meishij.net/china-food/caixi/dongbeicai/5120.html
list index out of range:http://www.meishij.net/zuofa/kejianiangdoufu_14.html
list index out of range:http://www.meishij.net/zuofa/wuxipaigu_6.html
list index out of range:http://www.meishij.net/china-food/caixi/chuancai/17431.html
list index out of range:http://www.meishij.net/zuofa/baobaoyingyangquezhequenaduobanshizaocanmeichihaozhezhongdapeiranghaizitounaocongmingshentiba
